Arguments: 
  C:\Program Files\nodejs\node.exe C:\Users\bmkar\AppData\Roaming\npm\node_modules\yarn\bin\yarn.js add expo

PATH: 
  C:\Program Files\Common Files\Oracle\Java\javapath;C:\WINDOWS\system32;C:\WINDOWS;C:\WINDOWS\System32\Wbem;C:\WINDOWS\System32\WindowsPowerShell\v1.0\;C:\WINDOWS\System32\OpenSSH\;C:\Program Files\dotnet\;C:\Program Files\nodejs\;C:\Program Files\Git\cmd;C:\Users\bmkar\AppData\Local\Microsoft\WindowsApps;C:\Users\bmkar\AppData\Local\Programs\Microsoft VS Code\bin;C:\Users\bmkar\AppData\Roaming\npm;C:\Users\bmkar\AppData\Local\GitHubDesktop\bin

Yarn version: 
  1.22.17

Node version: 
  14.17.5

Platform: 
  win32 x64

Trace: 
  Error: https://registry.yarnpkg.com/core-js/-/core-js-2.6.12.tgz: ESOCKETTIMEDOUT
      at ClientRequest.<anonymous> (C:\Users\bmkar\AppData\Roaming\npm\node_modules\yarn\lib\cli.js:141510:19)
      at Object.onceWrapper (events.js:519:28)
      at ClientRequest.emit (events.js:400:28)
      at TLSSocket.emitRequestTimeout (_http_client.js:790:9)
      at Object.onceWrapper (events.js:519:28)
      at TLSSocket.emit (events.js:412:35)
      at TLSSocket.Socket._onTimeout (net.js:484:8)
      at listOnTimeout (internal/timers.js:557:17)
      at processTimers (internal/timers.js:500:7)

npm manifest: 
  {
    "main": "node_modules/expo/AppEntry.js",
    "scripts": {
      "start": "expo start",
      "android": "expo start --android",
      "ios": "expo start --ios",
      "web": "expo start --web",
      "eject": "expo eject"
    },
    "dependencies": {
      "@react-navigation/drawer": "^6.1.8",
      "@react-navigation/native": "^6.0.6",
      "expo": "^41.0.1",
      "expo-status-bar": "~1.0.4",
      "react": "16.8.3",
      "react-dom": "16.8.3",
      "react-native": "https://github.com/expo/react-native/archive/sdk-34.0.2.tar.gz",
      "react-native-elements": "^3.4.2",
      "react-native-gesture-handler": "~1.3.0",
      "react-native-maps": "~0.24.0",
      "react-native-reanimated": "~1.1.0",
      "react-native-safe-area-context": "3.2.0",
      "react-native-screens": "1.0.0-alpha.22",
      "react-native-vector-icons": "^8.1.0",
      "react-native-web": "~0.11.4"
    },
    "devDependencies": {
      "@babel/core": "^7.9.0"
    },
    "private": true
  }

yarn manifest: 
  No manifest

Lockfile: 
  No lockfile
